*** Using Compiler 'V5.06 update 6 (build 750)', folder: 'D:\MDK5\ARM\ARMCC\Bin'
Rebuild target 'LCD'
compiling led.c...
compiling chess.c...
..\USER\chess.h(33): warning:  #1-D: last line of file ends without a newline
  #endif
..\HARDWARE\LCD\displayChess.h(16): warning:  #1-D: last line of file ends without a newline
  #endif
chess.c(8): warning:  #2548-D: multicharacter character literal (potential portability problem)
       {'马',1,0,blackCAMP,horse,ALIVE},
chess.c(9): warning:  #2548-D: multicharacter character literal (potential portability problem)
      {'象',2,0,blackCAMP,elephant,ALIVE},
chess.c(10): warning:  #2548-D: multicharacter character literal (potential portability problem)
      {'士',3,0,blackCAMP,guard,ALIVE},
chess.c(11): warning:  #2548-D: multicharacter character literal (potential portability problem)
      {'将',4,0,blackCAMP,general,ALIVE},
chess.c(12): warning:  #2548-D: multicharacter character literal (potential portability problem)
      {'士',5,0,blackCAMP,guard,ALIVE},
chess.c(13): warning:  #2548-D: multicharacter character literal (potential portability problem)
      {'象',6,0,blackCAMP,elephant,ALIVE},
chess.c(14): warning:  #2548-D: multicharacter character literal (potential portability problem)
      {'马',7,0,blackCAMP,horse,ALIVE},
chess.c(15): warning:  #2548-D: multicharacter character literal (potential portability problem)
      {'',8,0,blackCAMP,car,ALIVE},
chess.c(16): warning:  #2548-D: multicharacter character literal (potential portability problem)
      {'炮',1,2,blackCAMP,cannon,ALIVE},
chess.c(17): warning:  #2548-D: multicharacter character literal (potential portability problem)
      {'炮',7,2,blackCAMP,cannon,ALIVE},
chess.c(18): warning:  #2548-D: multicharacter character literal (potential portability problem)
      {'卒',0,3,blackCAMP,soldier,ALIVE},
chess.c(19): warning:  #2548-D: multicharacter character literal (potential portability problem)
      {'卒',2,3,blackCAMP,soldier,ALIVE},
chess.c(20): warning:  #2548-D: multicharacter character literal (potential portability problem)
      {'卒',4,3,blackCAMP,soldier,ALIVE},
chess.c(21): warning:  #2548-D: multicharacter character literal (potential portability problem)
      {'卒',6,3,blackCAMP,soldier,ALIVE},
chess.c(22): warning:  #2548-D: multicharacter character literal (potential portability problem)
      {'卒',8,3,blackCAMP,soldier,ALIVE},
chess.c(23): warning:  #2548-D: multicharacter character literal (potential portability problem)
      {'兵',0,6,redCAMP,soldier,ALIVE},
chess.c(24): warning:  #2548-D: multicharacter character literal (potential portability problem)
      {'兵',2,6,redCAMP,soldier,ALIVE},
chess.c(25): warning:  #2548-D: multicharacter character literal (potential portability problem)
      {'兵',4,6,redCAMP,soldier,ALIVE},
chess.c(26): warning:  #2548-D: multicharacter character literal (potential portability problem)
      {'兵',6,6,redCAMP,soldier,ALIVE},
chess.c(27): warning:  #2548-D: multicharacter character literal (potential portability problem)
      {'兵',8,6,redCAMP,soldier,ALIVE},
chess.c(28): warning:  #2548-D: multicharacter character literal (potential portability problem)
      {'炮',1,7,redCAMP,cannon,ALIVE},
chess.c(29): warning:  #2548-D: multicharacter character literal (potential portability problem)
      {'炮',7,7,redCAMP,cannon,ALIVE},
chess.c(30): warning:  #2548-D: multicharacter character literal (potential portability problem)
      {'车',0,9,redCAMP,car,ALIVE},
chess.c(31): warning:  #2548-D: multicharacter character literal (potential portability problem)
      {'马',1,9,redCAMP,horse,ALIVE},
chess.c(32): warning:  #2548-D: multicharacter character literal (potential portability problem)
      {'相',2,9,redCAMP,elephant,ALIVE},
chess.c(33): warning:  #2548-D: multicharacter character literal (potential portability problem)
      {'士',3,9,redCAMP,guard,ALIVE},
chess.c(34): warning:  #2548-D: multicharacter character literal (potential portability problem)
      {'帅',4,9,redCAMP,general,ALIVE},
chess.c(35): warning:  #2548-D: multicharacter character literal (potential portability problem)
      {'士',5,9,redCAMP,guard,ALIVE},
chess.c(36): warning:  #2548-D: multicharacter character literal (potential portability problem)
      {'相',6,9,redCAMP,elephant,ALIVE},
chess.c(37): warning:  #2548-D: multicharacter character literal (potential portability problem)
      {'马',7,9,redCAMP,horse,ALIVE},
chess.c(38): warning:  #2548-D: multicharacter character literal (potential portability problem)
      {'车',8,9,redCAMP,car,ALIVE}
chess.c(8): warning:  #144-D: a value of type "int8_t (*)(int8_t, int8_t, int8_t, int8_t, int8_t)" cannot be used to initialize an entity of type "int8_t (*)(int8_t, int8_t, int8_t, int8_t)"
       {'马',1,0,blackCAMP,horse,ALIVE},
chess.c(14): warning:  #144-D: a value of type "int8_t (*)(int8_t, int8_t, int8_t, int8_t, int8_t)" cannot be used to initialize an entity of type "int8_t (*)(int8_t, int8_t, int8_t, int8_t)"
      {'马',7,0,blackCAMP,horse,ALIVE},
chess.c(31): warning:  #144-D: a value of type "int8_t (*)(int8_t, int8_t, int8_t, int8_t, int8_t)" cannot be used to initialize an entity of type "int8_t (*)(int8_t, int8_t, int8_t, int8_t)"
      {'马',1,9,redCAMP,horse,ALIVE},
chess.c(37): warning:  #144-D: a value of type "int8_t (*)(int8_t, int8_t, int8_t, int8_t, int8_t)" cannot be used to initialize an entity of type "int8_t (*)(int8_t, int8_t, int8_t, int8_t)"
      {'马',7,9,redCAMP,horse,ALIVE},
chess.c(63): warning:  #940-D: missing return statement at end of non-void function "car" 
  }
chess.c(70): warning:  #514-D: pointless comparison of unsigned integer with a negative constant
      if( index!=-1 && piece[index].camp == Camp)
chess.c(83): warning:  #940-D: missing return statement at end of non-void function "elephant" 
  }	
chess.c(87): warning:  #940-D: missing return statement at end of non-void function "guard" 
  }
chess.c(91): warning:  #940-D: missing return statement at end of non-void function "general" 
  }
chess.c(95): warning:  #940-D: missing return statement at end of non-void function "cannon" 
  }
chess.c(99): warning:  #940-D: missing return statement at end of non-void function "soldier" 
  }
chess.c: 44 warnings, 0 errors
compiling stm32f10x_it.c...
compiling key.c...
compiling system_stm32f10x.c...
compiling lcd.c...
..\HARDWARE\LCD\font.h(11): warning:  #2548-D: multicharacter character literal (potential portability problem)
  const unsigned int Chinese[] = {'车','','马','象','相','士','将','帅','炮','卒','兵'};
..\HARDWARE\LCD\font.h(11): warning:  #2548-D: multicharacter character literal (potential portability problem)
  const unsigned int Chinese[] = {'车','','马','象','相','士','将','帅','炮','卒','兵'};
..\HARDWARE\LCD\font.h(11): warning:  #2548-D: multicharacter character literal (potential portability problem)
  const unsigned int Chinese[] = {'车','','马','象','相','士','将','帅','炮','卒','兵'};
..\HARDWARE\LCD\font.h(11): warning:  #2548-D: multicharacter character literal (potential portability problem)
  const unsigned int Chinese[] = {'车','','马','象','相','士','将','帅','炮','卒','兵'};
..\HARDWARE\LCD\font.h(11): warning:  #2548-D: multicharacter character literal (potential portability problem)
  const unsigned int Chinese[] = {'车','','马','象','相','士','将','帅','炮','卒','兵'};
..\HARDWARE\LCD\font.h(11): warning:  #2548-D: multicharacter character literal (potential portability problem)
  const unsigned int Chinese[] = {'车','','马','象','相','士','将','帅','炮','卒','兵'};
..\HARDWARE\LCD\font.h(11): warning:  #2548-D: multicharacter character literal (potential portability problem)
  const unsigned int Chinese[] = {'车','','马','象','相','士','将','帅','炮','卒','兵'};
..\HARDWARE\LCD\font.h(11): warning:  #2548-D: multicharacter character literal (potential portability problem)
  const unsigned int Chinese[] = {'车','','马','象','相','士','将','帅','炮','卒','兵'};
..\HARDWARE\LCD\font.h(11): warning:  #2548-D: multicharacter character literal (potential portability problem)
  const unsigned int Chinese[] = {'车','','马','象','相','士','将','帅','炮','卒','兵'};
..\HARDWARE\LCD\font.h(11): warning:  #2548-D: multicharacter character literal (potential portability problem)
  const unsigned int Chinese[] = {'车','','马','象','相','士','将','帅','炮','卒','兵'};
..\HARDWARE\LCD\font.h(11): warning:  #2548-D: multicharacter character literal (potential portability problem)
  const unsigned int Chinese[] = {'车','','马','象','相','士','将','帅','炮','卒','兵'};
..\HARDWARE\LCD\lcd.c: 11 warnings, 0 errors
compiling main.c...
..\HARDWARE\LCD\displayChess.h(16): warning:  #1-D: last line of file ends without a newline
  #endif
chess.h(33): warning:  #1-D: last line of file ends without a newline
  #endif
main.c(69): warning:  #1-D: last line of file ends without a newline
   
main.c: 3 warnings, 0 errors
compiling displayChess.c...
..\HARDWARE\LCD\displayChess.h(16): warning:  #1-D: last line of file ends without a newline
  #endif
..\USER\chess.h(33): warning:  #1-D: last line of file ends without a newline
  #endif
..\HARDWARE\LCD\displayChess.c(50): warning:  #514-D: pointless comparison of unsigned integer with a negative constant
      if (index == -1)
..\HARDWARE\LCD\displayChess.c(73): warning:  #1-D: last line of file ends without a newline
  }
..\HARDWARE\LCD\displayChess.c: 4 warnings, 0 errors
compiling delay.c...
assembling startup_stm32f10x_hd.s...
compiling usart.c...
compiling core_cm3.c...
compiling misc.c...
compiling sys.c...
compiling stm32f10x_usart.c...
compiling stm32f10x_gpio.c...
compiling stm32f10x_fsmc.c...
compiling stm32f10x_rcc.c...
compiling usmart.c...
..\HARDWARE\LCD\displayChess.h(16): warning:  #1-D: last line of file ends without a newline
  #endif
..\USMART\usmart.c: 1 warning, 0 errors
compiling stm32f10x_tim.c...
compiling usmart_config.c...
..\HARDWARE\LCD\displayChess.h(16): warning:  #1-D: last line of file ends without a newline
  #endif
..\USMART\usmart_config.c: 1 warning, 0 errors
compiling usmart_str.c...
linking...
Program Size: Code=36392 RO-data=8532 RW-data=1048 ZI-data=1888  
FromELF: creating hex file...
"..\OBJ\LCD.axf" - 0 Error(s), 64 Warning(s).
Build Time Elapsed:  00:00:07
